<?xml version="1.0" encoding="UTF-8"?>
<testng-results ignored="0" total="1" passed="1" failed="0" skipped="0">
  <reporter-output>
  </reporter-output>
  <suite started-at="2024-03-21T19:12:37 IST" name="Default suite" finished-at="2024-03-21T19:12:56 IST" duration-ms="18841">
    <groups>
    </groups>
    <test started-at="2024-03-21T19:12:37 IST" name="Default test" finished-at="2024-03-21T19:12:56 IST" duration-ms="18841">
      <class name="Task_1.Task.AppTest">
        <test-method signature="openBrowser()[pri:0, instance:Task_1.Task.AppTest@6253c26]" started-at="2024-03-21T19:12:37 IST" name="openBrowser" finished-at="2024-03-21T19:12:56 IST" duration-ms="18767" status="PASS">
          <reporter-output>
          </reporter-output>
        </test-method> <!-- openBrowser -->
      </class> <!-- Task_1.Task.AppTest -->
    </test> <!-- Default test -->
  </suite> <!-- Default suite -->
</testng-results>
